<?xml version="1.0" encoding="UTF-8"?>
<testsuite name="com.projectss.theUltimateTodo.TheUltimateTodoApplicationTests" tests="1" skipped="0" failures="0" errors="0" timestamp="2023-10-30T13:49:03" hostname="krampoline" time="1.434">
  <properties/>
  <testcase name="contextLoads()" classname="com.projectss.theUltimateTodo.TheUltimateTodoApplicationTests" time="1.434"/>
  <system-out><![CDATA[13:48:53.470 [Test worker] INFO org.springframework.test.context.support.AnnotationConfigContextLoaderUtils -- Could not detect default configuration classes for test class [com.projectss.theUltimateTodo.TheUltimateTodoApplicationTests]: TheUltimateTodoApplicationTests does not declare any static, non-private, non-final, nested classes annotated with @Configuration.
13:48:53.942 [Test worker] INFO org.springframework.boot.test.context.SpringBootTestContextBootstrapper -- Found @SpringBootConfiguration com.projectss.theUltimateTodo.TheUltimateTodoApplication for test class com.projectss.theUltimateTodo.TheUltimateTodoApplicationTests

  .   ____          _            __ _ _
 /\\ / ___'_ __ _ _(_)_ __  __ _ \ \ \ \
( ( )\___ | '_ | '_| | '_ \/ _` | \ \ \ \
 \\/  ___)| |_)| | | | | || (_| |  ) ) ) )
  '  |____| .__|_| |_|_| |_\__, | / / / /
 =========|_|==============|___/=/_/_/_/
 :: Spring Boot ::                (v3.1.5)

2023-10-30T13:48:55.261Z DEBUG 10257 --- [    Test worker] o.s.w.c.s.GenericWebApplicationContext   : Refreshing org.springframework.web.context.support.GenericWebApplicationContext@2b87581
2023-10-30T13:49:02.345Z  WARN 10257 --- [    Test worker] JpaBaseConfiguration$JpaWebConfiguration : spring.jpa.open-in-view is enabled by default. Therefore, database queries may be performed during view rendering. Explicitly configure spring.jpa.open-in-view to disable this warning
2023-10-30T13:49:02.947Z DEBUG 10257 --- [    Test worker] s.w.s.m.m.a.RequestMappingHandlerAdapter : ControllerAdvice beans: 0 @ModelAttribute, 0 @InitBinder, 1 RequestBodyAdvice, 1 ResponseBodyAdvice
2023-10-30T13:49:03.164Z DEBUG 10257 --- [    Test worker] s.w.s.m.m.a.RequestMappingHandlerMapping : 5 mappings in 'requestMappingHandlerMapping'
2023-10-30T13:49:03.253Z DEBUG 10257 --- [    Test worker] o.s.w.s.handler.SimpleUrlHandlerMapping  : Patterns [/webjars/**, /**] in 'resourceHandlerMapping'
2023-10-30T13:49:03.264Z DEBUG 10257 --- [    Test worker] .m.m.a.ExceptionHandlerExceptionResolver : ControllerAdvice beans: 0 @ExceptionHandler, 1 ResponseBodyAdvice
]]></system-out>
  <system-err><![CDATA[]]></system-err>
</testsuite>
