<?xml version="1.0" encoding="UTF-8"?>
<testsuite name="com.projectss.theUltimateTodo.TheUltimateTodoApplicationTests" tests="1" skipped="0" failures="0" errors="0" timestamp="2023-10-20T12:21:01" hostname="DESKTOP-KVQ9R4G" time="0.896">
  <properties/>
  <testcase name="contextLoads()" classname="com.projectss.theUltimateTodo.TheUltimateTodoApplicationTests" time="0.896"/>
  <system-out><![CDATA[21:20:55.439 [Test worker] INFO org.springframework.test.context.support.AnnotationConfigContextLoaderUtils -- Could not detect default configuration classes for test class [com.projectss.theUltimateTodo.TheUltimateTodoApplicationTests]: TheUltimateTodoApplicationTests does not declare any static, non-private, non-final, nested classes annotated with @Configuration.
21:20:55.609 [Test worker] INFO org.springframework.boot.test.context.SpringBootTestContextBootstrapper -- Found @SpringBootConfiguration com.projectss.theUltimateTodo.TheUltimateTodoApplication for test class com.projectss.theUltimateTodo.TheUltimateTodoApplicationTests

  .   ____          _            __ _ _
 /\\ / ___'_ __ _ _(_)_ __  __ _ \ \ \ \
( ( )\___ | '_ | '_| | '_ \/ _` | \ \ \ \
 \\/  ___)| |_)| | | | | || (_| |  ) ) ) )
  '  |____| .__|_| |_|_| |_\__, | / / / /
 =========|_|==============|___/=/_/_/_/
 :: Spring Boot ::                (v3.1.5)

2023-10-20T21:20:56.586+09:00  INFO 17392 --- [    Test worker] c.p.t.TheUltimateTodoApplicationTests    : Starting TheUltimateTodoApplicationTests using Java 17.0.7 with PID 17392 (started by rkdtl in C:\Users\rkdtl\Desktop\theUltimateTodo)
2023-10-20T21:20:56.591+09:00  INFO 17392 --- [    Test worker] c.p.t.TheUltimateTodoApplicationTests    : No active profile set, falling back to 1 default profile: "default"
2023-10-20T21:20:57.917+09:00  INFO 17392 --- [    Test worker] .s.d.r.c.RepositoryConfigurationDelegate : Multiple Spring Data modules found, entering strict repository configuration mode
2023-10-20T21:20:57.920+09:00  INFO 17392 --- [    Test worker] .s.d.r.c.RepositoryConfigurationDelegate : Bootstrapping Spring Data JDBC repositories in DEFAULT mode.
2023-10-20T21:20:57.946+09:00  INFO 17392 --- [    Test worker] .s.d.r.c.RepositoryConfigurationDelegate : Finished Spring Data repository scanning in 18 ms. Found 0 JDBC repository interfaces.
2023-10-20T21:20:57.963+09:00  INFO 17392 --- [    Test worker] .s.d.r.c.RepositoryConfigurationDelegate : Multiple Spring Data modules found, entering strict repository configuration mode
2023-10-20T21:20:57.965+09:00  INFO 17392 --- [    Test worker] .s.d.r.c.RepositoryConfigurationDelegate : Bootstrapping Spring Data JPA repositories in DEFAULT mode.
2023-10-20T21:20:57.973+09:00  INFO 17392 --- [    Test worker] .s.d.r.c.RepositoryConfigurationDelegate : Finished Spring Data repository scanning in 2 ms. Found 0 JPA repository interfaces.
2023-10-20T21:20:58.577+09:00  INFO 17392 --- [    Test worker] o.hibernate.jpa.internal.util.LogHelper  : HHH000204: Processing PersistenceUnitInfo [name: default]
2023-10-20T21:20:58.700+09:00  INFO 17392 --- [    Test worker] org.hibernate.Version                    : HHH000412: Hibernate ORM core version 6.2.13.Final
2023-10-20T21:20:58.705+09:00  INFO 17392 --- [    Test worker] org.hibernate.cfg.Environment            : HHH000406: Using bytecode reflection optimizer
2023-10-20T21:20:59.385+09:00  INFO 17392 --- [    Test worker] o.s.o.j.p.SpringPersistenceUnitInfo      : No LoadTimeWeaver setup: ignoring JPA class transformer
2023-10-20T21:20:59.446+09:00  INFO 17392 --- [    Test worker] com.zaxxer.hikari.HikariDataSource       : HikariPool-1 - Starting...
2023-10-20T21:20:59.696+09:00  INFO 17392 --- [    Test worker] com.zaxxer.hikari.pool.HikariPool        : HikariPool-1 - Added connection conn0: url=jdbc:h2:mem:demo user=SA
2023-10-20T21:20:59.698+09:00  INFO 17392 --- [    Test worker] com.zaxxer.hikari.HikariDataSource       : HikariPool-1 - Start completed.
2023-10-20T21:21:00.168+09:00  INFO 17392 --- [    Test worker] o.h.e.t.j.p.i.JtaPlatformInitiator       : HHH000489: No JTA platform available (set 'hibernate.transaction.jta.platform' to enable JTA platform integration)
2023-10-20T21:21:00.176+09:00  INFO 17392 --- [    Test worker] j.LocalContainerEntityManagerFactoryBean : Initialized JPA EntityManagerFactory for persistence unit 'default'
2023-10-20T21:21:00.368+09:00  WARN 17392 --- [    Test worker] JpaBaseConfiguration$JpaWebConfiguration : spring.jpa.open-in-view is enabled by default. Therefore, database queries may be performed during view rendering. Explicitly configure spring.jpa.open-in-view to disable this warning
2023-10-20T21:21:01.085+09:00  INFO 17392 --- [    Test worker] o.s.b.a.h2.H2ConsoleAutoConfiguration    : H2 console available at '/h2-console'. Database available at 'jdbc:h2:mem:demo'
2023-10-20T21:21:01.162+09:00  WARN 17392 --- [    Test worker] .s.s.UserDetailsServiceAutoConfiguration : 

Using generated security password: de7e1a29-155f-4633-889c-4afef3e11982

This generated password is for development use only. Your security configuration must be updated before running your application in production.

2023-10-20T21:21:01.407+09:00  INFO 17392 --- [    Test worker] o.s.s.web.DefaultSecurityFilterChain     : Will secure any request with [org.springframework.security.web.session.DisableEncodeUrlFilter@48d464cf, org.springframework.security.web.context.request.async.WebAsyncManagerIntegrationFilter@1e14b269, org.springframework.security.web.context.SecurityContextHolderFilter@21022cbb, org.springframework.security.web.header.HeaderWriterFilter@1260c85e, org.springframework.security.web.csrf.CsrfFilter@709d2a6c, org.springframework.security.web.authentication.logout.LogoutFilter@66a99584, org.springframework.security.web.authentication.UsernamePasswordAuthenticationFilter@6c4786af, org.springframework.security.web.authentication.ui.DefaultLoginPageGeneratingFilter@799cf32d, org.springframework.security.web.authentication.ui.DefaultLogoutPageGeneratingFilter@68543a35, org.springframework.security.web.authentication.www.BasicAuthenticationFilter@1999e1f5, org.springframework.security.web.savedrequest.RequestCacheAwareFilter@654cb30c, org.springframework.security.web.servletapi.SecurityContextHolderAwareRequestFilter@21780905, org.springframework.security.web.authentication.AnonymousAuthenticationFilter@1cca2e9d, org.springframework.security.web.access.ExceptionTranslationFilter@4b20aa21, org.springframework.security.web.access.intercept.AuthorizationFilter@750457a5]
2023-10-20T21:21:01.472+09:00  INFO 17392 --- [    Test worker] c.p.t.TheUltimateTodoApplicationTests    : Started TheUltimateTodoApplicationTests in 5.436 seconds (process running for 7.973)
]]></system-out>
  <system-err><![CDATA[]]></system-err>
</testsuite>
